\BOOKMARK [0][-]{chapter.1}{\376\377\000H\000i\000e\000r\000a\000r\000c\000h\000i\000c\000a\000l\000\040\000I\000n\000d\000e\000x}{}% 1
\BOOKMARK [1][-]{section.1.1}{\376\377\000C\000l\000a\000s\000s\000\040\000H\000i\000e\000r\000a\000r\000c\000h\000y}{chapter.1}% 2
\BOOKMARK [0][-]{chapter.2}{\376\377\000C\000l\000a\000s\000s\000\040\000I\000n\000d\000e\000x}{}% 3
\BOOKMARK [1][-]{section.2.1}{\376\377\000C\000l\000a\000s\000s\000\040\000L\000i\000s\000t}{chapter.2}% 4
\BOOKMARK [0][-]{chapter.3}{\376\377\000C\000l\000a\000s\000s\000\040\000D\000o\000c\000u\000m\000e\000n\000t\000a\000t\000i\000o\000n}{}% 5
\BOOKMARK [1][-]{section.3.1}{\376\377\000A\000n\000i\000m\000a\000t\000i\000o\000n\000\040\000C\000l\000a\000s\000s\000\040\000R\000e\000f\000e\000r\000e\000n\000c\000e}{chapter.3}% 6
\BOOKMARK [2][-]{subsection.3.1.1}{\376\377\000C\000o\000n\000s\000t\000r\000u\000c\000t\000o\000r\000\040\000\046\000\040\000D\000e\000s\000t\000r\000u\000c\000t\000o\000r\000\040\000D\000o\000c\000u\000m\000e\000n\000t\000a\000t\000i\000o\000n}{section.3.1}% 7
\BOOKMARK [3][-]{subsubsection.3.1.1.1}{\376\377\000A\000n\000i\000m\000a\000t\000i\000o\000n}{subsection.3.1.1}% 8
\BOOKMARK [3][-]{subsubsection.3.1.1.2}{\376\377\000A\000n\000i\000m\000a\000t\000i\000o\000n}{subsection.3.1.1}% 9
\BOOKMARK [2][-]{subsection.3.1.2}{\376\377\000M\000e\000m\000b\000e\000r\000\040\000F\000u\000n\000c\000t\000i\000o\000n\000\040\000D\000o\000c\000u\000m\000e\000n\000t\000a\000t\000i\000o\000n}{section.3.1}% 10
\BOOKMARK [3][-]{subsubsection.3.1.2.1}{\376\377\000d\000r\000a\000w}{subsection.3.1.2}% 11
\BOOKMARK [3][-]{subsubsection.3.1.2.2}{\376\377\000g\000e\000t\000R\000e\000c\000t}{subsection.3.1.2}% 12
\BOOKMARK [1][-]{section.3.2}{\376\377\000A\000n\000i\000m\000F\000i\000l\000e\000\040\000C\000l\000a\000s\000s\000\040\000R\000e\000f\000e\000r\000e\000n\000c\000e}{chapter.3}% 13
\BOOKMARK [2][-]{subsection.3.2.1}{\376\377\000C\000o\000n\000s\000t\000r\000u\000c\000t\000o\000r\000\040\000\046\000\040\000D\000e\000s\000t\000r\000u\000c\000t\000o\000r\000\040\000D\000o\000c\000u\000m\000e\000n\000t\000a\000t\000i\000o\000n}{section.3.2}% 14
\BOOKMARK [3][-]{subsubsection.3.2.1.1}{\376\377\000A\000n\000i\000m\000F\000i\000l\000e}{subsection.3.2.1}% 15
\BOOKMARK [3][-]{subsubsection.3.2.1.2}{\376\377\000A\000n\000i\000m\000F\000i\000l\000e}{subsection.3.2.1}% 16
\BOOKMARK [2][-]{subsection.3.2.2}{\376\377\000M\000e\000m\000b\000e\000r\000\040\000F\000u\000n\000c\000t\000i\000o\000n\000\040\000D\000o\000c\000u\000m\000e\000n\000t\000a\000t\000i\000o\000n}{section.3.2}% 17
\BOOKMARK [3][-]{subsubsection.3.2.2.1}{\376\377\000f\000r\000a\000m\000e}{subsection.3.2.2}% 18
\BOOKMARK [1][-]{section.3.3}{\376\377\000A\000n\000i\000m\000O\000b\000j\000e\000c\000t\000\040\000C\000l\000a\000s\000s\000\040\000R\000e\000f\000e\000r\000e\000n\000c\000e}{chapter.3}% 19
\BOOKMARK [2][-]{subsection.3.3.1}{\376\377\000C\000o\000n\000s\000t\000r\000u\000c\000t\000o\000r\000\040\000\046\000\040\000D\000e\000s\000t\000r\000u\000c\000t\000o\000r\000\040\000D\000o\000c\000u\000m\000e\000n\000t\000a\000t\000i\000o\000n}{section.3.3}% 20
\BOOKMARK [3][-]{subsubsection.3.3.1.1}{\376\377\000A\000n\000i\000m\000O\000b\000j\000e\000c\000t}{subsection.3.3.1}% 21
\BOOKMARK [3][-]{subsubsection.3.3.1.2}{\376\377\000A\000n\000i\000m\000O\000b\000j\000e\000c\000t}{subsection.3.3.1}% 22
\BOOKMARK [2][-]{subsection.3.3.2}{\376\377\000M\000e\000m\000b\000e\000r\000\040\000F\000u\000n\000c\000t\000i\000o\000n\000\040\000D\000o\000c\000u\000m\000e\000n\000t\000a\000t\000i\000o\000n}{section.3.3}% 23
\BOOKMARK [3][-]{subsubsection.3.3.2.1}{\376\377\000d\000r\000a\000w}{subsection.3.3.2}% 24
\BOOKMARK [1][-]{section.3.4}{\376\377\000B\000o\000m\000b\000\040\000C\000l\000a\000s\000s\000\040\000R\000e\000f\000e\000r\000e\000n\000c\000e}{chapter.3}% 25
\BOOKMARK [2][-]{subsection.3.4.1}{\376\377\000C\000o\000n\000s\000t\000r\000u\000c\000t\000o\000r\000\040\000\046\000\040\000D\000e\000s\000t\000r\000u\000c\000t\000o\000r\000\040\000D\000o\000c\000u\000m\000e\000n\000t\000a\000t\000i\000o\000n}{section.3.4}% 26
\BOOKMARK [3][-]{subsubsection.3.4.1.1}{\376\377\000B\000o\000m\000b}{subsection.3.4.1}% 27
\BOOKMARK [3][-]{subsubsection.3.4.1.2}{\376\377\000B\000o\000m\000b}{subsection.3.4.1}% 28
\BOOKMARK [2][-]{subsection.3.4.2}{\376\377\000M\000e\000m\000b\000e\000r\000\040\000F\000u\000n\000c\000t\000i\000o\000n\000\040\000D\000o\000c\000u\000m\000e\000n\000t\000a\000t\000i\000o\000n}{section.3.4}% 29
\BOOKMARK [3][-]{subsubsection.3.4.2.1}{\376\377\000b\000o\000o\000m}{subsection.3.4.2}% 30
\BOOKMARK [3][-]{subsubsection.3.4.2.2}{\376\377\000b\000o\000o\000m}{subsection.3.4.2}% 31
\BOOKMARK [3][-]{subsubsection.3.4.2.3}{\376\377\000g\000e\000t\000O\000w\000n\000e\000r}{subsection.3.4.2}% 32
\BOOKMARK [3][-]{subsubsection.3.4.2.4}{\376\377\000g\000e\000t\000P\000o\000i\000n\000t}{subsection.3.4.2}% 33
\BOOKMARK [3][-]{subsubsection.3.4.2.5}{\376\377\000g\000e\000t\000S\000i\000z\000e}{subsection.3.4.2}% 34
\BOOKMARK [3][-]{subsubsection.3.4.2.6}{\376\377\000g\000e\000t\000X}{subsection.3.4.2}% 35
\BOOKMARK [3][-]{subsubsection.3.4.2.7}{\376\377\000g\000e\000t\000Y}{subsection.3.4.2}% 36
\BOOKMARK [3][-]{subsubsection.3.4.2.8}{\376\377\000s\000t\000a\000t\000e}{subsection.3.4.2}% 37
\BOOKMARK [1][-]{section.3.5}{\376\377\000C\000l\000i\000e\000n\000t\000\040\000C\000l\000a\000s\000s\000\040\000R\000e\000f\000e\000r\000e\000n\000c\000e}{chapter.3}% 38
\BOOKMARK [1][-]{section.3.6}{\376\377\000C\000o\000n\000f\000i\000g\000\040\000S\000t\000r\000u\000c\000t\000\040\000R\000e\000f\000e\000r\000e\000n\000c\000e}{chapter.3}% 39
\BOOKMARK [2][-]{subsection.3.6.1}{\376\377\000M\000e\000m\000b\000e\000r\000\040\000D\000a\000t\000a\000\040\000D\000o\000c\000u\000m\000e\000n\000t\000a\000t\000i\000o\000n}{section.3.6}% 40
\BOOKMARK [3][-]{subsubsection.3.6.1.1}{\376\377\000C\000F\000G\000\137\000B\000O\000M\000B\000T\000I\000M\000E}{subsection.3.6.1}% 41
\BOOKMARK [3][-]{subsubsection.3.6.1.2}{\376\377\000C\000F\000G\000\137\000D\000E\000F\000A\000U\000L\000T\000\137\000S\000P\000E\000E\000D}{subsection.3.6.1}% 42
\BOOKMARK [3][-]{subsubsection.3.6.1.3}{\376\377\000C\000F\000G\000\137\000F\000A\000S\000T\000\137\000S\000P\000E\000E\000D}{subsection.3.6.1}% 43
\BOOKMARK [3][-]{subsubsection.3.6.1.4}{\376\377\000C\000F\000G\000\137\000F\000L\000A\000M\000E\000T\000I\000M\000E}{subsection.3.6.1}% 44
\BOOKMARK [3][-]{subsubsection.3.6.1.5}{\376\377\000C\000F\000G\000\137\000P\000O\000R\000T}{subsection.3.6.1}% 45
\BOOKMARK [3][-]{subsubsection.3.6.1.6}{\376\377\000C\000F\000G\000\137\000R\000E\000S\000P\000A\000W\000N\000\137\000M\000O\000N\000S\000T\000E\000R}{subsection.3.6.1}% 46
\BOOKMARK [3][-]{subsubsection.3.6.1.7}{\376\377\000C\000F\000G\000\137\000R\000E\000S\000P\000A\000W\000N\000\137\000P\000L\000A\000Y\000E\000R}{subsection.3.6.1}% 47
\BOOKMARK [3][-]{subsubsection.3.6.1.8}{\376\377\000C\000F\000G\000\137\000S\000H\000O\000W\000\137\000S\000C\000O\000R\000E\000B\000O\000A\000R\000D}{subsection.3.6.1}% 48
\BOOKMARK [3][-]{subsubsection.3.6.1.9}{\376\377\000C\000F\000G\000\137\000S\000L\000O\000W\000\137\000S\000P\000E\000E\000D}{subsection.3.6.1}% 49
\BOOKMARK [3][-]{subsubsection.3.6.1.10}{\376\377\000C\000F\000G\000\137\000V\000I\000R\000U\000S\000T\000I\000M\000E}{subsection.3.6.1}% 50
\BOOKMARK [1][-]{section.3.7}{\376\377\000C\000o\000n\000t\000r\000o\000l\000\040\000C\000l\000a\000s\000s\000\040\000R\000e\000f\000e\000r\000e\000n\000c\000e}{chapter.3}% 51
\BOOKMARK [2][-]{subsection.3.7.1}{\376\377\000C\000o\000n\000s\000t\000r\000u\000c\000t\000o\000r\000\040\000\046\000\040\000D\000e\000s\000t\000r\000u\000c\000t\000o\000r\000\040\000D\000o\000c\000u\000m\000e\000n\000t\000a\000t\000i\000o\000n}{section.3.7}% 52
\BOOKMARK [3][-]{subsubsection.3.7.1.1}{\376\377\000C\000o\000n\000t\000r\000o\000l}{subsection.3.7.1}% 53
\BOOKMARK [2][-]{subsection.3.7.2}{\376\377\000M\000e\000m\000b\000e\000r\000\040\000F\000u\000n\000c\000t\000i\000o\000n\000\040\000D\000o\000c\000u\000m\000e\000n\000t\000a\000t\000i\000o\000n}{section.3.7}% 54
\BOOKMARK [3][-]{subsubsection.3.7.2.1}{\376\377\000g\000e\000t\000D\000e\000l\000a\000y}{subsection.3.7.2}% 55
\BOOKMARK [3][-]{subsubsection.3.7.2.2}{\376\377\000g\000e\000t\000P\000u\000t}{subsection.3.7.2}% 56
\BOOKMARK [3][-]{subsubsection.3.7.2.3}{\376\377\000g\000e\000t\000X}{subsection.3.7.2}% 57
\BOOKMARK [3][-]{subsubsection.3.7.2.4}{\376\377\000g\000e\000t\000Y}{subsection.3.7.2}% 58
\BOOKMARK [3][-]{subsubsection.3.7.2.5}{\376\377\000p\000x}{subsection.3.7.2}% 59
\BOOKMARK [3][-]{subsubsection.3.7.2.6}{\376\377\000p\000y}{subsection.3.7.2}% 60
\BOOKMARK [3][-]{subsubsection.3.7.2.7}{\376\377\000s\000e\000t\000D\000e\000l\000a\000y}{subsection.3.7.2}% 61
\BOOKMARK [3][-]{subsubsection.3.7.2.8}{\376\377\000s\000e\000t\000P\000u\000t}{subsection.3.7.2}% 62
\BOOKMARK [3][-]{subsubsection.3.7.2.9}{\376\377\000s\000e\000t\000X}{subsection.3.7.2}% 63
\BOOKMARK [3][-]{subsubsection.3.7.2.10}{\376\377\000s\000e\000t\000Y}{subsection.3.7.2}% 64
\BOOKMARK [1][-]{section.3.8}{\376\377\000F\000l\000a\000m\000e\000\040\000C\000l\000a\000s\000s\000\040\000R\000e\000f\000e\000r\000e\000n\000c\000e}{chapter.3}% 65
\BOOKMARK [2][-]{subsection.3.8.1}{\376\377\000C\000o\000n\000s\000t\000r\000u\000c\000t\000o\000r\000\040\000\046\000\040\000D\000e\000s\000t\000r\000u\000c\000t\000o\000r\000\040\000D\000o\000c\000u\000m\000e\000n\000t\000a\000t\000i\000o\000n}{section.3.8}% 66
\BOOKMARK [3][-]{subsubsection.3.8.1.1}{\376\377\000F\000l\000a\000m\000e}{subsection.3.8.1}% 67
\BOOKMARK [3][-]{subsubsection.3.8.1.2}{\376\377\000F\000l\000a\000m\000e}{subsection.3.8.1}% 68
\BOOKMARK [2][-]{subsection.3.8.2}{\376\377\000M\000e\000m\000b\000e\000r\000\040\000F\000u\000n\000c\000t\000i\000o\000n\000\040\000D\000o\000c\000u\000m\000e\000n\000t\000a\000t\000i\000o\000n}{section.3.8}% 69
\BOOKMARK [3][-]{subsubsection.3.8.2.1}{\376\377\000e\000x\000p\000i\000r\000e}{subsection.3.8.2}% 70
\BOOKMARK [3][-]{subsubsection.3.8.2.2}{\376\377\000g\000e\000t\000D\000i\000r\000e\000c\000t\000i\000o\000n}{subsection.3.8.2}% 71
\BOOKMARK [3][-]{subsubsection.3.8.2.3}{\376\377\000g\000e\000t\000O\000w\000n\000e\000r}{subsection.3.8.2}% 72
\BOOKMARK [3][-]{subsubsection.3.8.2.4}{\376\377\000g\000e\000t\000P\000o\000i\000n\000t}{subsection.3.8.2}% 73
\BOOKMARK [3][-]{subsubsection.3.8.2.5}{\376\377\000g\000e\000t\000X}{subsection.3.8.2}% 74
\BOOKMARK [3][-]{subsubsection.3.8.2.6}{\376\377\000g\000e\000t\000Y}{subsection.3.8.2}% 75
\BOOKMARK [3][-]{subsubsection.3.8.2.7}{\376\377\000s\000t\000a\000t\000e}{subsection.3.8.2}% 76
\BOOKMARK [2][-]{subsection.3.8.3}{\376\377\000F\000r\000i\000e\000n\000d\000s\000\040\000A\000n\000d\000\040\000R\000e\000l\000a\000t\000e\000d\000\040\000F\000u\000n\000c\000t\000i\000o\000n\000\040\000D\000o\000c\000u\000m\000e\000n\000t\000a\000t\000i\000o\000n}{section.3.8}% 77
\BOOKMARK [3][-]{subsubsection.3.8.3.1}{\376\377\000o\000p\000e\000r\000a\000t\000o\000r\000=\000=}{subsection.3.8.3}% 78
\BOOKMARK [1][-]{section.3.9}{\376\377\000F\000r\000a\000m\000e\000\040\000S\000t\000r\000u\000c\000t\000\040\000R\000e\000f\000e\000r\000e\000n\000c\000e}{chapter.3}% 79
\BOOKMARK [2][-]{subsection.3.9.1}{\376\377\000C\000o\000n\000s\000t\000r\000u\000c\000t\000o\000r\000\040\000\046\000\040\000D\000e\000s\000t\000r\000u\000c\000t\000o\000r\000\040\000D\000o\000c\000u\000m\000e\000n\000t\000a\000t\000i\000o\000n}{section.3.9}% 80
\BOOKMARK [3][-]{subsubsection.3.9.1.1}{\376\377\000F\000r\000a\000m\000e}{subsection.3.9.1}% 81
\BOOKMARK [2][-]{subsection.3.9.2}{\376\377\000M\000e\000m\000b\000e\000r\000\040\000D\000a\000t\000a\000\040\000D\000o\000c\000u\000m\000e\000n\000t\000a\000t\000i\000o\000n}{section.3.9}% 82
\BOOKMARK [3][-]{subsubsection.3.9.2.1}{\376\377\000o\000b\000j}{subsection.3.9.2}% 83
\BOOKMARK [3][-]{subsubsection.3.9.2.2}{\376\377\000t\000i\000m\000e}{subsection.3.9.2}% 84
\BOOKMARK [1][-]{section.3.10}{\376\377\000G\000a\000m\000e\000\040\000C\000l\000a\000s\000s\000\040\000R\000e\000f\000e\000r\000e\000n\000c\000e}{chapter.3}% 85
\BOOKMARK [1][-]{section.3.11}{\376\377\000G\000a\000m\000e\000C\000o\000n\000f\000i\000g\000\040\000C\000l\000a\000s\000s\000\040\000R\000e\000f\000e\000r\000e\000n\000c\000e}{chapter.3}% 86
\BOOKMARK [2][-]{subsection.3.11.1}{\376\377\000C\000o\000n\000s\000t\000r\000u\000c\000t\000o\000r\000\040\000\046\000\040\000D\000e\000s\000t\000r\000u\000c\000t\000o\000r\000\040\000D\000o\000c\000u\000m\000e\000n\000t\000a\000t\000i\000o\000n}{section.3.11}% 87
\BOOKMARK [3][-]{subsubsection.3.11.1.1}{\376\377\000G\000a\000m\000e\000C\000o\000n\000f\000i\000g}{subsection.3.11.1}% 88
\BOOKMARK [2][-]{subsection.3.11.2}{\376\377\000M\000e\000m\000b\000e\000r\000\040\000D\000a\000t\000a\000\040\000D\000o\000c\000u\000m\000e\000n\000t\000a\000t\000i\000o\000n}{section.3.11}% 89
\BOOKMARK [3][-]{subsubsection.3.11.2.1}{\376\377\000g\000e\000n}{subsection.3.11.2}% 90
\BOOKMARK [3][-]{subsubsection.3.11.2.2}{\376\377\000i\000n\000i\000t}{subsection.3.11.2}% 91
\BOOKMARK [3][-]{subsubsection.3.11.2.3}{\376\377\000n\000B\000o\000m\000b}{subsection.3.11.2}% 92
\BOOKMARK [3][-]{subsubsection.3.11.2.4}{\376\377\000n\000F\000l\000a\000m\000e}{subsection.3.11.2}% 93
\BOOKMARK [3][-]{subsubsection.3.11.2.5}{\376\377\000n\000V\000i\000r\000u\000s}{subsection.3.11.2}% 94
\BOOKMARK [3][-]{subsubsection.3.11.2.6}{\376\377\000s\000b}{subsection.3.11.2}% 95
\BOOKMARK [3][-]{subsubsection.3.11.2.7}{\376\377\000s\000x}{subsection.3.11.2}% 96
\BOOKMARK [3][-]{subsubsection.3.11.2.8}{\376\377\000s\000y}{subsection.3.11.2}% 97
\BOOKMARK [1][-]{section.3.12}{\376\377\000G\000a\000m\000e\000M\000a\000n\000a\000g\000e\000r\000\040\000C\000l\000a\000s\000s\000\040\000R\000e\000f\000e\000r\000e\000n\000c\000e}{chapter.3}% 98
\BOOKMARK [2][-]{subsection.3.12.1}{\376\377\000C\000o\000n\000s\000t\000r\000u\000c\000t\000o\000r\000\040\000\046\000\040\000D\000e\000s\000t\000r\000u\000c\000t\000o\000r\000\040\000D\000o\000c\000u\000m\000e\000n\000t\000a\000t\000i\000o\000n}{section.3.12}% 99
\BOOKMARK [3][-]{subsubsection.3.12.1.1}{\376\377\000G\000a\000m\000e\000M\000a\000n\000a\000g\000e\000r}{subsection.3.12.1}% 100
\BOOKMARK [2][-]{subsection.3.12.2}{\376\377\000M\000e\000m\000b\000e\000r\000\040\000F\000u\000n\000c\000t\000i\000o\000n\000\040\000D\000o\000c\000u\000m\000e\000n\000t\000a\000t\000i\000o\000n}{section.3.12}% 101
\BOOKMARK [3][-]{subsubsection.3.12.2.1}{\376\377\000c\000h\000e\000c\000k\000A\000f\000t\000e\000r}{subsection.3.12.2}% 102
\BOOKMARK [3][-]{subsubsection.3.12.2.2}{\376\377\000c\000h\000e\000c\000k\000B\000e\000f\000o\000r\000e}{subsection.3.12.2}% 103
\BOOKMARK [3][-]{subsubsection.3.12.2.3}{\376\377\000c\000h\000e\000c\000k\000S\000t\000a\000t\000e}{subsection.3.12.2}% 104
\BOOKMARK [3][-]{subsubsection.3.12.2.4}{\376\377\000g\000e\000t\000R\000o\000u\000n\000d}{subsection.3.12.2}% 105
\BOOKMARK [3][-]{subsubsection.3.12.2.5}{\376\377\000g\000e\000t\000R\000u\000n}{subsection.3.12.2}% 106
\BOOKMARK [3][-]{subsubsection.3.12.2.6}{\376\377\000n\000e\000w\000R\000o\000u\000n\000d}{subsection.3.12.2}% 107
\BOOKMARK [3][-]{subsubsection.3.12.2.7}{\376\377\000p\000r\000e\000p\000a\000r\000e\000T\000a\000b\000l\000e}{subsection.3.12.2}% 108
\BOOKMARK [3][-]{subsubsection.3.12.2.8}{\376\377\000w\000a\000i\000t\000R\000o\000u\000n\000d}{subsection.3.12.2}% 109
\BOOKMARK [1][-]{section.3.13}{\376\377\000G\000a\000m\000e\000T\000a\000b\000l\000e\000\040\000C\000l\000a\000s\000s\000\040\000R\000e\000f\000e\000r\000e\000n\000c\000e}{chapter.3}% 110
\BOOKMARK [2][-]{subsection.3.13.1}{\376\377\000C\000o\000n\000s\000t\000r\000u\000c\000t\000o\000r\000\040\000\046\000\040\000D\000e\000s\000t\000r\000u\000c\000t\000o\000r\000\040\000D\000o\000c\000u\000m\000e\000n\000t\000a\000t\000i\000o\000n}{section.3.13}% 111
\BOOKMARK [3][-]{subsubsection.3.13.1.1}{\376\377\000G\000a\000m\000e\000T\000a\000b\000l\000e}{subsection.3.13.1}% 112
\BOOKMARK [3][-]{subsubsection.3.13.1.2}{\376\377\000G\000a\000m\000e\000T\000a\000b\000l\000e}{subsection.3.13.1}% 113
\BOOKMARK [2][-]{subsection.3.13.2}{\376\377\000M\000e\000m\000b\000e\000r\000\040\000F\000u\000n\000c\000t\000i\000o\000n\000\040\000D\000o\000c\000u\000m\000e\000n\000t\000a\000t\000i\000o\000n}{section.3.13}% 114
\BOOKMARK [3][-]{subsubsection.3.13.2.1}{\376\377\000b\000i\000n\000d}{subsection.3.13.2}% 115
\BOOKMARK [3][-]{subsubsection.3.13.2.2}{\376\377\000b\000u\000i\000l\000d\000W\000a\000l\000l\000s}{subsection.3.13.2}% 116
\BOOKMARK [3][-]{subsubsection.3.13.2.3}{\376\377\000c\000o\000u\000n\000t\000M\000o\000n\000s\000t\000e\000r}{subsection.3.13.2}% 117
\BOOKMARK [3][-]{subsubsection.3.13.2.4}{\376\377\000e\000x\000e\000c\000u\000t\000e}{subsection.3.13.2}% 118
\BOOKMARK [3][-]{subsubsection.3.13.2.5}{\376\377\000g\000e\000n\000e\000r\000a\000t\000e\000B\000a\000s\000e}{subsection.3.13.2}% 119
\BOOKMARK [3][-]{subsubsection.3.13.2.6}{\376\377\000g\000e\000n\000e\000r\000a\000t\000e\000M\000a\000p}{subsection.3.13.2}% 120
\BOOKMARK [3][-]{subsubsection.3.13.2.7}{\376\377\000g\000e\000t\000C\000o\000n\000f\000i\000g}{subsection.3.13.2}% 121
\BOOKMARK [3][-]{subsubsection.3.13.2.8}{\376\377\000g\000e\000t\000M\000o\000v\000e\000m\000e\000n\000t}{subsection.3.13.2}% 122
\BOOKMARK [3][-]{subsubsection.3.13.2.9}{\376\377\000g\000e\000t\000P\000l\000a\000y\000e\000r\000s}{subsection.3.13.2}% 123
\BOOKMARK [3][-]{subsubsection.3.13.2.10}{\376\377\000i\000n\000c\000S\000c\000o\000r\000e}{subsection.3.13.2}% 124
\BOOKMARK [3][-]{subsubsection.3.13.2.11}{\376\377\000l\000o\000a\000d\000M\000a\000p}{subsection.3.13.2}% 125
\BOOKMARK [3][-]{subsubsection.3.13.2.12}{\376\377\000m\000o\000v\000e}{subsection.3.13.2}% 126
\BOOKMARK [3][-]{subsubsection.3.13.2.13}{\376\377\000s\000e\000t\000C\000o\000n\000f\000i\000g}{subsection.3.13.2}% 127
\BOOKMARK [3][-]{subsubsection.3.13.2.14}{\376\377\000s\000e\000t\000P\000l\000a\000y\000e\000r\000s}{subsection.3.13.2}% 128
\BOOKMARK [3][-]{subsubsection.3.13.2.15}{\376\377\000s\000e\000t\000S\000t\000a\000r\000t}{subsection.3.13.2}% 129
\BOOKMARK [3][-]{subsubsection.3.13.2.16}{\376\377\000s\000p\000a\000w\000n\000M\000o\000n\000s\000t\000e\000r}{subsection.3.13.2}% 130
\BOOKMARK [3][-]{subsubsection.3.13.2.17}{\376\377\000s\000p\000a\000w\000n\000P\000l\000a\000y\000e\000r}{subsection.3.13.2}% 131
\BOOKMARK [3][-]{subsubsection.3.13.2.18}{\376\377\000s\000p\000a\000w\000n\000W\000a\000l\000l\000s}{subsection.3.13.2}% 132
\BOOKMARK [1][-]{section.3.14}{\376\377\000G\000o\000o\000d\000s\000\040\000C\000l\000a\000s\000s\000\040\000R\000e\000f\000e\000r\000e\000n\000c\000e}{chapter.3}% 133
\BOOKMARK [2][-]{subsection.3.14.1}{\376\377\000C\000o\000n\000s\000t\000r\000u\000c\000t\000o\000r\000\040\000\046\000\040\000D\000e\000s\000t\000r\000u\000c\000t\000o\000r\000\040\000D\000o\000c\000u\000m\000e\000n\000t\000a\000t\000i\000o\000n}{section.3.14}% 134
\BOOKMARK [3][-]{subsubsection.3.14.1.1}{\376\377\000G\000o\000o\000d\000s}{subsection.3.14.1}% 135
\BOOKMARK [3][-]{subsubsection.3.14.1.2}{\376\377\000G\000o\000o\000d\000s}{subsection.3.14.1}% 136
\BOOKMARK [2][-]{subsection.3.14.2}{\376\377\000M\000e\000m\000b\000e\000r\000\040\000F\000u\000n\000c\000t\000i\000o\000n\000\040\000D\000o\000c\000u\000m\000e\000n\000t\000a\000t\000i\000o\000n}{section.3.14}% 137
\BOOKMARK [3][-]{subsubsection.3.14.2.1}{\376\377\000e\000f\000f\000e\000c\000t}{subsection.3.14.2}% 138
\BOOKMARK [3][-]{subsubsection.3.14.2.2}{\376\377\000g\000e\000t\000P\000o\000i\000n\000t}{subsection.3.14.2}% 139
\BOOKMARK [3][-]{subsubsection.3.14.2.3}{\376\377\000g\000e\000t\000T\000y\000p\000e}{subsection.3.14.2}% 140
\BOOKMARK [3][-]{subsubsection.3.14.2.4}{\376\377\000g\000e\000t\000X}{subsection.3.14.2}% 141
\BOOKMARK [3][-]{subsubsection.3.14.2.5}{\376\377\000g\000e\000t\000Y}{subsection.3.14.2}% 142
\BOOKMARK [3][-]{subsubsection.3.14.2.6}{\376\377\000s\000t\000a\000t\000e}{subsection.3.14.2}% 143
\BOOKMARK [1][-]{section.3.15}{\376\377\000G\000r\000o\000u\000n\000d\000\040\000C\000l\000a\000s\000s\000\040\000R\000e\000f\000e\000r\000e\000n\000c\000e}{chapter.3}% 144
\BOOKMARK [2][-]{subsection.3.15.1}{\376\377\000C\000o\000n\000s\000t\000r\000u\000c\000t\000o\000r\000\040\000\046\000\040\000D\000e\000s\000t\000r\000u\000c\000t\000o\000r\000\040\000D\000o\000c\000u\000m\000e\000n\000t\000a\000t\000i\000o\000n}{section.3.15}% 145
\BOOKMARK [3][-]{subsubsection.3.15.1.1}{\376\377\000G\000r\000o\000u\000n\000d}{subsection.3.15.1}% 146
\BOOKMARK [3][-]{subsubsection.3.15.1.2}{\376\377\000G\000r\000o\000u\000n\000d}{subsection.3.15.1}% 147
\BOOKMARK [2][-]{subsection.3.15.2}{\376\377\000M\000e\000m\000b\000e\000r\000\040\000F\000u\000n\000c\000t\000i\000o\000n\000\040\000D\000o\000c\000u\000m\000e\000n\000t\000a\000t\000i\000o\000n}{section.3.15}% 148
\BOOKMARK [3][-]{subsubsection.3.15.2.1}{\376\377\000o\000p\000e\000r\000a\000t\000o\000r\000=}{subsection.3.15.2}% 149
\BOOKMARK [3][-]{subsubsection.3.15.2.2}{\376\377\000s\000t\000a\000t\000e}{subsection.3.15.2}% 150
\BOOKMARK [2][-]{subsection.3.15.3}{\376\377\000F\000r\000i\000e\000n\000d\000s\000\040\000A\000n\000d\000\040\000R\000e\000l\000a\000t\000e\000d\000\040\000F\000u\000n\000c\000t\000i\000o\000n\000\040\000D\000o\000c\000u\000m\000e\000n\000t\000a\000t\000i\000o\000n}{section.3.15}% 151
\BOOKMARK [3][-]{subsubsection.3.15.3.1}{\376\377\000o\000p\000e\000r\000a\000t\000o\000r\000!\000=}{subsection.3.15.3}% 152
\BOOKMARK [3][-]{subsubsection.3.15.3.2}{\376\377\000o\000p\000e\000r\000a\000t\000o\000r\000<\000<}{subsection.3.15.3}% 153
\BOOKMARK [3][-]{subsubsection.3.15.3.3}{\376\377\000o\000p\000e\000r\000a\000t\000o\000r\000=\000=}{subsection.3.15.3}% 154
\BOOKMARK [3][-]{subsubsection.3.15.3.4}{\376\377\000o\000p\000e\000r\000a\000t\000o\000r\000>\000>}{subsection.3.15.3}% 155
\BOOKMARK [1][-]{section.3.16}{\376\377\000I\000n\000p\000u\000t\000\040\000C\000l\000a\000s\000s\000\040\000R\000e\000f\000e\000r\000e\000n\000c\000e}{chapter.3}% 156
\BOOKMARK [2][-]{subsection.3.16.1}{\376\377\000C\000o\000n\000s\000t\000r\000u\000c\000t\000o\000r\000\040\000\046\000\040\000D\000e\000s\000t\000r\000u\000c\000t\000o\000r\000\040\000D\000o\000c\000u\000m\000e\000n\000t\000a\000t\000i\000o\000n}{section.3.16}% 157
\BOOKMARK [3][-]{subsubsection.3.16.1.1}{\376\377\000I\000n\000p\000u\000t}{subsection.3.16.1}% 158
\BOOKMARK [3][-]{subsubsection.3.16.1.2}{\376\377\000I\000n\000p\000u\000t}{subsection.3.16.1}% 159
\BOOKMARK [2][-]{subsection.3.16.2}{\376\377\000M\000e\000m\000b\000e\000r\000\040\000F\000u\000n\000c\000t\000i\000o\000n\000\040\000D\000o\000c\000u\000m\000e\000n\000t\000a\000t\000i\000o\000n}{section.3.16}% 160
\BOOKMARK [3][-]{subsubsection.3.16.2.1}{\376\377\000g\000e\000t\000N\000J\000o\000y}{subsection.3.16.2}% 161
\BOOKMARK [3][-]{subsubsection.3.16.2.2}{\376\377\000g\000e\000t\000N\000P\000l\000a\000y\000e\000r\000s}{subsection.3.16.2}% 162
\BOOKMARK [3][-]{subsubsection.3.16.2.3}{\376\377\000g\000e\000t\000R\000u\000n}{subsection.3.16.2}% 163
\BOOKMARK [3][-]{subsubsection.3.16.2.4}{\376\377\000g\000e\000t\000R\000u\000n\000S\000o\000f\000t}{subsection.3.16.2}% 164
\BOOKMARK [3][-]{subsubsection.3.16.2.5}{\376\377\000o\000p\000e\000r\000a\000t\000o\000r\000\050\000\051}{subsection.3.16.2}% 165
\BOOKMARK [3][-]{subsubsection.3.16.2.6}{\376\377\000p\000o\000l\000l}{subsection.3.16.2}% 166
\BOOKMARK [3][-]{subsubsection.3.16.2.7}{\376\377\000s\000e\000t\000D\000e\000l\000a\000y}{subsection.3.16.2}% 167
\BOOKMARK [3][-]{subsubsection.3.16.2.8}{\376\377\000s\000e\000t\000M\000o\000d\000e}{subsection.3.16.2}% 168
\BOOKMARK [3][-]{subsubsection.3.16.2.9}{\376\377\000s\000e\000t\000R\000u\000n}{subsection.3.16.2}% 169
\BOOKMARK [3][-]{subsubsection.3.16.2.10}{\376\377\000s\000e\000t\000V\000i\000e\000w}{subsection.3.16.2}% 170
\BOOKMARK [3][-]{subsubsection.3.16.2.11}{\376\377\000u\000p\000d\000a\000t\000e\000J\000o\000y\000S\000t\000i\000c\000k\000s}{subsection.3.16.2}% 171
\BOOKMARK [1][-]{section.3.17}{\376\377\000L\000o\000g\000g\000e\000r\000\040\000C\000l\000a\000s\000s\000\040\000R\000e\000f\000e\000r\000e\000n\000c\000e}{chapter.3}% 172
\BOOKMARK [2][-]{subsection.3.17.1}{\376\377\000D\000e\000t\000a\000i\000l\000e\000d\000\040\000D\000e\000s\000c\000r\000i\000p\000t\000i\000o\000n}{section.3.17}% 173
\BOOKMARK [2][-]{subsection.3.17.2}{\376\377\000M\000e\000m\000b\000e\000r\000\040\000F\000u\000n\000c\000t\000i\000o\000n\000\040\000D\000o\000c\000u\000m\000e\000n\000t\000a\000t\000i\000o\000n}{section.3.17}% 174
\BOOKMARK [3][-]{subsubsection.3.17.2.1}{\376\377\000e\000r\000r\000o\000r}{subsection.3.17.2}% 175
\BOOKMARK [3][-]{subsubsection.3.17.2.2}{\376\377\000i\000n\000f\000o}{subsection.3.17.2}% 176
\BOOKMARK [3][-]{subsubsection.3.17.2.3}{\376\377\000s\000e\000t\000L\000e\000v\000e\000l}{subsection.3.17.2}% 177
\BOOKMARK [1][-]{section.3.18}{\376\377\000M\000a\000t\000r\000i\000x\000<\000\040\000T\000\040\000>\000\040\000C\000l\000a\000s\000s\000\040\000T\000e\000m\000p\000l\000a\000t\000e\000\040\000R\000e\000f\000e\000r\000e\000n\000c\000e}{chapter.3}% 178
\BOOKMARK [2][-]{subsection.3.18.1}{\376\377\000C\000o\000n\000s\000t\000r\000u\000c\000t\000o\000r\000\040\000\046\000\040\000D\000e\000s\000t\000r\000u\000c\000t\000o\000r\000\040\000D\000o\000c\000u\000m\000e\000n\000t\000a\000t\000i\000o\000n}{section.3.18}% 179
\BOOKMARK [3][-]{subsubsection.3.18.1.1}{\376\377\000M\000a\000t\000r\000i\000x}{subsection.3.18.1}% 180
\BOOKMARK [3][-]{subsubsection.3.18.1.2}{\376\377\000M\000a\000t\000r\000i\000x}{subsection.3.18.1}% 181
\BOOKMARK [2][-]{subsection.3.18.2}{\376\377\000M\000e\000m\000b\000e\000r\000\040\000F\000u\000n\000c\000t\000i\000o\000n\000\040\000D\000o\000c\000u\000m\000e\000n\000t\000a\000t\000i\000o\000n}{section.3.18}% 182
\BOOKMARK [3][-]{subsubsection.3.18.2.1}{\376\377\000c\000o\000u\000n\000t}{subsection.3.18.2}% 183
\BOOKMARK [3][-]{subsubsection.3.18.2.2}{\376\377\000f\000i\000n\000d}{subsection.3.18.2}% 184
\BOOKMARK [3][-]{subsubsection.3.18.2.3}{\376\377\000g\000e\000t\000M}{subsection.3.18.2}% 185
\BOOKMARK [3][-]{subsubsection.3.18.2.4}{\376\377\000g\000e\000t\000N}{subsection.3.18.2}% 186
\BOOKMARK [3][-]{subsubsection.3.18.2.5}{\376\377\000o\000p\000e\000r\000a\000t\000o\000r\000\050\000\051}{subsection.3.18.2}% 187
\BOOKMARK [3][-]{subsubsection.3.18.2.6}{\376\377\000o\000p\000e\000r\000a\000t\000o\000r\000\050\000\051}{subsection.3.18.2}% 188
\BOOKMARK [3][-]{subsubsection.3.18.2.7}{\376\377\000o\000p\000e\000r\000a\000t\000o\000r\000\050\000\051}{subsection.3.18.2}% 189
\BOOKMARK [3][-]{subsubsection.3.18.2.8}{\376\377\000o\000p\000e\000r\000a\000t\000o\000r\000\050\000\051}{subsection.3.18.2}% 190
\BOOKMARK [3][-]{subsubsection.3.18.2.9}{\376\377\000s\000e\000t\000S\000i\000z\000e}{subsection.3.18.2}% 191
\BOOKMARK [3][-]{subsubsection.3.18.2.10}{\376\377\000v\000a\000l\000i\000d}{subsection.3.18.2}% 192
\BOOKMARK [3][-]{subsubsection.3.18.2.11}{\376\377\000v\000a\000l\000i\000d}{subsection.3.18.2}% 193
\BOOKMARK [2][-]{subsection.3.18.3}{\376\377\000F\000r\000i\000e\000n\000d\000s\000\040\000A\000n\000d\000\040\000R\000e\000l\000a\000t\000e\000d\000\040\000F\000u\000n\000c\000t\000i\000o\000n\000\040\000D\000o\000c\000u\000m\000e\000n\000t\000a\000t\000i\000o\000n}{section.3.18}% 194
\BOOKMARK [3][-]{subsubsection.3.18.3.1}{\376\377\000o\000p\000e\000r\000a\000t\000o\000r\000<\000<}{subsection.3.18.3}% 195
\BOOKMARK [3][-]{subsubsection.3.18.3.2}{\376\377\000o\000p\000e\000r\000a\000t\000o\000r\000>\000>}{subsection.3.18.3}% 196
\BOOKMARK [1][-]{section.3.19}{\376\377\000M\000e\000n\000u\000\040\000C\000l\000a\000s\000s\000\040\000R\000e\000f\000e\000r\000e\000n\000c\000e}{chapter.3}% 197
\BOOKMARK [2][-]{subsection.3.19.1}{\376\377\000C\000o\000n\000s\000t\000r\000u\000c\000t\000o\000r\000\040\000\046\000\040\000D\000e\000s\000t\000r\000u\000c\000t\000o\000r\000\040\000D\000o\000c\000u\000m\000e\000n\000t\000a\000t\000i\000o\000n}{section.3.19}% 198
\BOOKMARK [3][-]{subsubsection.3.19.1.1}{\376\377\000M\000e\000n\000u}{subsection.3.19.1}% 199
\BOOKMARK [2][-]{subsection.3.19.2}{\376\377\000M\000e\000m\000b\000e\000r\000\040\000F\000u\000n\000c\000t\000i\000o\000n\000\040\000D\000o\000c\000u\000m\000e\000n\000t\000a\000t\000i\000o\000n}{section.3.19}% 200
\BOOKMARK [3][-]{subsubsection.3.19.2.1}{\376\377\000c\000h\000e\000c\000k}{subsection.3.19.2}% 201
\BOOKMARK [3][-]{subsubsection.3.19.2.2}{\376\377\000d\000o\000w\000n}{subsection.3.19.2}% 202
\BOOKMARK [3][-]{subsubsection.3.19.2.3}{\376\377\000g\000e\000t\000M\000o\000d\000e}{subsection.3.19.2}% 203
\BOOKMARK [3][-]{subsubsection.3.19.2.4}{\376\377\000m\000a\000i\000n\000L\000o\000o\000p}{subsection.3.19.2}% 204
\BOOKMARK [3][-]{subsubsection.3.19.2.5}{\376\377\000u\000p}{subsection.3.19.2}% 205
\BOOKMARK [1][-]{section.3.20}{\376\377\000M\000e\000n\000u\000I\000t\000e\000m\000\040\000C\000l\000a\000s\000s\000\040\000R\000e\000f\000e\000r\000e\000n\000c\000e}{chapter.3}% 206
\BOOKMARK [2][-]{subsection.3.20.1}{\376\377\000C\000o\000n\000s\000t\000r\000u\000c\000t\000o\000r\000\040\000\046\000\040\000D\000e\000s\000t\000r\000u\000c\000t\000o\000r\000\040\000D\000o\000c\000u\000m\000e\000n\000t\000a\000t\000i\000o\000n}{section.3.20}% 207
\BOOKMARK [3][-]{subsubsection.3.20.1.1}{\376\377\000M\000e\000n\000u\000I\000t\000e\000m}{subsection.3.20.1}% 208
\BOOKMARK [2][-]{subsection.3.20.2}{\376\377\000M\000e\000m\000b\000e\000r\000\040\000D\000a\000t\000a\000\040\000D\000o\000c\000u\000m\000e\000n\000t\000a\000t\000i\000o\000n}{section.3.20}% 209
\BOOKMARK [3][-]{subsubsection.3.20.2.1}{\376\377\000m\000o\000d\000e}{subsection.3.20.2}% 210
\BOOKMARK [3][-]{subsubsection.3.20.2.2}{\376\377\000n\000e\000x\000t}{subsection.3.20.2}% 211
\BOOKMARK [3][-]{subsubsection.3.20.2.3}{\376\377\000t\000x\000t}{subsection.3.20.2}% 212
\BOOKMARK [1][-]{section.3.21}{\376\377\000M\000o\000n\000s\000t\000e\000r\000\040\000C\000l\000a\000s\000s\000\040\000R\000e\000f\000e\000r\000e\000n\000c\000e}{chapter.3}% 213
\BOOKMARK [2][-]{subsection.3.21.1}{\376\377\000D\000e\000t\000a\000i\000l\000e\000d\000\040\000D\000e\000s\000c\000r\000i\000p\000t\000i\000o\000n}{section.3.21}% 214
\BOOKMARK [2][-]{subsection.3.21.2}{\376\377\000C\000o\000n\000s\000t\000r\000u\000c\000t\000o\000r\000\040\000\046\000\040\000D\000e\000s\000t\000r\000u\000c\000t\000o\000r\000\040\000D\000o\000c\000u\000m\000e\000n\000t\000a\000t\000i\000o\000n}{section.3.21}% 215
\BOOKMARK [3][-]{subsubsection.3.21.2.1}{\376\377\000M\000o\000n\000s\000t\000e\000r}{subsection.3.21.2}% 216
\BOOKMARK [2][-]{subsection.3.21.3}{\376\377\000M\000e\000m\000b\000e\000r\000\040\000F\000u\000n\000c\000t\000i\000o\000n\000\040\000D\000o\000c\000u\000m\000e\000n\000t\000a\000t\000i\000o\000n}{section.3.21}% 217
\BOOKMARK [3][-]{subsubsection.3.21.3.1}{\376\377\000a\000l\000i\000v\000e}{subsection.3.21.3}% 218
\BOOKMARK [3][-]{subsubsection.3.21.3.2}{\376\377\000c\000h\000a\000n\000g\000e}{subsection.3.21.3}% 219
\BOOKMARK [3][-]{subsubsection.3.21.3.3}{\376\377\000c\000o\000l\000l\000i\000d\000e}{subsection.3.21.3}% 220
\BOOKMARK [3][-]{subsubsection.3.21.3.4}{\376\377\000d\000i\000e}{subsection.3.21.3}% 221
\BOOKMARK [3][-]{subsubsection.3.21.3.5}{\376\377\000g\000e\000t\000P\000o\000i\000n\000t}{subsection.3.21.3}% 222
\BOOKMARK [3][-]{subsubsection.3.21.3.6}{\376\377\000g\000e\000t\000P\000o\000i\000n\000t\000I\000n\000t}{subsection.3.21.3}% 223
\BOOKMARK [3][-]{subsubsection.3.21.3.7}{\376\377\000g\000e\000t\000W\000a\000l\000l}{subsection.3.21.3}% 224
\BOOKMARK [3][-]{subsubsection.3.21.3.8}{\376\377\000g\000e\000t\000X}{subsection.3.21.3}% 225
\BOOKMARK [3][-]{subsubsection.3.21.3.9}{\376\377\000g\000e\000t\000Y}{subsection.3.21.3}% 226
\BOOKMARK [3][-]{subsubsection.3.21.3.10}{\376\377\000i\000s\000A\000c\000t\000i\000v\000e}{subsection.3.21.3}% 227
\BOOKMARK [3][-]{subsubsection.3.21.3.11}{\376\377\000m\000o\000v\000e}{subsection.3.21.3}% 228
\BOOKMARK [3][-]{subsubsection.3.21.3.12}{\376\377\000s\000e\000t\000D\000X}{subsection.3.21.3}% 229
\BOOKMARK [3][-]{subsubsection.3.21.3.13}{\376\377\000s\000e\000t\000D\000Y}{subsection.3.21.3}% 230
\BOOKMARK [3][-]{subsubsection.3.21.3.14}{\376\377\000s\000e\000t\000X}{subsection.3.21.3}% 231
\BOOKMARK [3][-]{subsubsection.3.21.3.15}{\376\377\000s\000e\000t\000Y}{subsection.3.21.3}% 232
\BOOKMARK [3][-]{subsubsection.3.21.3.16}{\376\377\000s\000t\000a\000t\000e}{subsection.3.21.3}% 233
\BOOKMARK [1][-]{section.3.22}{\376\377\000M\000u\000l\000t\000i\000\040\000C\000l\000a\000s\000s\000\040\000R\000e\000f\000e\000r\000e\000n\000c\000e}{chapter.3}% 234
\BOOKMARK [2][-]{subsection.3.22.1}{\376\377\000C\000o\000n\000s\000t\000r\000u\000c\000t\000o\000r\000\040\000\046\000\040\000D\000e\000s\000t\000r\000u\000c\000t\000o\000r\000\040\000D\000o\000c\000u\000m\000e\000n\000t\000a\000t\000i\000o\000n}{section.3.22}% 235
\BOOKMARK [3][-]{subsubsection.3.22.1.1}{\376\377\000M\000u\000l\000t\000i}{subsection.3.22.1}% 236
\BOOKMARK [3][-]{subsubsection.3.22.1.2}{\376\377\000M\000u\000l\000t\000i}{subsection.3.22.1}% 237
\BOOKMARK [2][-]{subsection.3.22.2}{\376\377\000M\000e\000m\000b\000e\000r\000\040\000F\000u\000n\000c\000t\000i\000o\000n\000\040\000D\000o\000c\000u\000m\000e\000n\000t\000a\000t\000i\000o\000n}{section.3.22}% 238
\BOOKMARK [3][-]{subsubsection.3.22.2.1}{\376\377\000d\000r\000a\000w}{subsection.3.22.2}% 239
\BOOKMARK [1][-]{section.3.23}{\376\377\000N\000e\000t\000w\000o\000r\000k\000\040\000C\000l\000a\000s\000s\000\040\000R\000e\000f\000e\000r\000e\000n\000c\000e}{chapter.3}% 240
\BOOKMARK [2][-]{subsection.3.23.1}{\376\377\000C\000o\000n\000s\000t\000r\000u\000c\000t\000o\000r\000\040\000\046\000\040\000D\000e\000s\000t\000r\000u\000c\000t\000o\000r\000\040\000D\000o\000c\000u\000m\000e\000n\000t\000a\000t\000i\000o\000n}{section.3.23}% 241
\BOOKMARK [3][-]{subsubsection.3.23.1.1}{\376\377\000N\000e\000t\000w\000o\000r\000k}{subsection.3.23.1}% 242
\BOOKMARK [3][-]{subsubsection.3.23.1.2}{\376\377\000N\000e\000t\000w\000o\000r\000k}{subsection.3.23.1}% 243
\BOOKMARK [2][-]{subsection.3.23.2}{\376\377\000M\000e\000m\000b\000e\000r\000\040\000F\000u\000n\000c\000t\000i\000o\000n\000\040\000D\000o\000c\000u\000m\000e\000n\000t\000a\000t\000i\000o\000n}{section.3.23}% 244
\BOOKMARK [3][-]{subsubsection.3.23.2.1}{\376\377\000g\000e\000t\000I\000n\000t\000e\000r\000n\000e\000t\000L\000i\000s\000t}{subsection.3.23.2}% 245
\BOOKMARK [3][-]{subsubsection.3.23.2.2}{\376\377\000m\000a\000i\000n\000L\000o\000o\000p}{subsection.3.23.2}% 246
\BOOKMARK [3][-]{subsubsection.3.23.2.3}{\376\377\000s\000t\000a\000r\000t\000L\000i\000s\000t\000e\000n}{subsection.3.23.2}% 247
\BOOKMARK [3][-]{subsubsection.3.23.2.4}{\376\377\000s\000t\000o\000p\000L\000i\000s\000t\000e\000n}{subsection.3.23.2}% 248
\BOOKMARK [1][-]{section.3.24}{\376\377\000N\000e\000t\000w\000o\000r\000k\000E\000v\000e\000n\000t\000\040\000S\000t\000r\000u\000c\000t\000\040\000R\000e\000f\000e\000r\000e\000n\000c\000e}{chapter.3}% 249
\BOOKMARK [2][-]{subsection.3.24.1}{\376\377\000M\000e\000m\000b\000e\000r\000\040\000D\000a\000t\000a\000\040\000D\000o\000c\000u\000m\000e\000n\000t\000a\000t\000i\000o\000n}{section.3.24}% 250
\BOOKMARK [3][-]{subsubsection.3.24.1.1}{\376\377\000e}{subsection.3.24.1}% 251
\BOOKMARK [3][-]{subsubsection.3.24.1.2}{\376\377\000i\000d}{subsection.3.24.1}% 252
\BOOKMARK [3][-]{subsubsection.3.24.1.3}{\376\377\000x}{subsection.3.24.1}% 253
\BOOKMARK [3][-]{subsubsection.3.24.1.4}{\376\377\000y}{subsection.3.24.1}% 254
\BOOKMARK [1][-]{section.3.25}{\376\377\000O\000b\000j\000e\000c\000t\000\040\000C\000l\000a\000s\000s\000\040\000R\000e\000f\000e\000r\000e\000n\000c\000e}{chapter.3}% 255
\BOOKMARK [2][-]{subsection.3.25.1}{\376\377\000D\000e\000t\000a\000i\000l\000e\000d\000\040\000D\000e\000s\000c\000r\000i\000p\000t\000i\000o\000n}{section.3.25}% 256
\BOOKMARK [2][-]{subsection.3.25.2}{\376\377\000C\000o\000n\000s\000t\000r\000u\000c\000t\000o\000r\000\040\000\046\000\040\000D\000e\000s\000t\000r\000u\000c\000t\000o\000r\000\040\000D\000o\000c\000u\000m\000e\000n\000t\000a\000t\000i\000o\000n}{section.3.25}% 257
\BOOKMARK [3][-]{subsubsection.3.25.2.1}{\376\377\000O\000b\000j\000e\000c\000t}{subsection.3.25.2}% 258
\BOOKMARK [2][-]{subsection.3.25.3}{\376\377\000M\000e\000m\000b\000e\000r\000\040\000F\000u\000n\000c\000t\000i\000o\000n\000\040\000D\000o\000c\000u\000m\000e\000n\000t\000a\000t\000i\000o\000n}{section.3.25}% 259
\BOOKMARK [3][-]{subsubsection.3.25.3.1}{\376\377\000b\000i\000n\000d}{subsection.3.25.3}% 260
\BOOKMARK [3][-]{subsubsection.3.25.3.2}{\376\377\000d\000r\000a\000w}{subsection.3.25.3}% 261
\BOOKMARK [1][-]{section.3.26}{\376\377\000P\000l\000a\000y\000e\000r\000\040\000C\000l\000a\000s\000s\000\040\000R\000e\000f\000e\000r\000e\000n\000c\000e}{chapter.3}% 262
\BOOKMARK [2][-]{subsection.3.26.1}{\376\377\000D\000e\000t\000a\000i\000l\000e\000d\000\040\000D\000e\000s\000c\000r\000i\000p\000t\000i\000o\000n}{section.3.26}% 263
\BOOKMARK [2][-]{subsection.3.26.2}{\376\377\000C\000o\000n\000s\000t\000r\000u\000c\000t\000o\000r\000\040\000\046\000\040\000D\000e\000s\000t\000r\000u\000c\000t\000o\000r\000\040\000D\000o\000c\000u\000m\000e\000n\000t\000a\000t\000i\000o\000n}{section.3.26}% 264
\BOOKMARK [3][-]{subsubsection.3.26.2.1}{\376\377\000P\000l\000a\000y\000e\000r}{subsection.3.26.2}% 265
\BOOKMARK [3][-]{subsubsection.3.26.2.2}{\376\377\000P\000l\000a\000y\000e\000r}{subsection.3.26.2}% 266
\BOOKMARK [2][-]{subsection.3.26.3}{\376\377\000M\000e\000m\000b\000e\000r\000\040\000F\000u\000n\000c\000t\000i\000o\000n\000\040\000D\000o\000c\000u\000m\000e\000n\000t\000a\000t\000i\000o\000n}{section.3.26}% 267
\BOOKMARK [3][-]{subsubsection.3.26.3.1}{\376\377\000a\000l\000i\000v\000e}{subsection.3.26.3}% 268
\BOOKMARK [3][-]{subsubsection.3.26.3.2}{\376\377\000d\000e\000c\000B\000o\000m\000b\000s}{subsection.3.26.3}% 269
\BOOKMARK [3][-]{subsubsection.3.26.3.3}{\376\377\000d\000e\000c\000K\000i\000l\000l}{subsection.3.26.3}% 270
\BOOKMARK [3][-]{subsubsection.3.26.3.4}{\376\377\000d\000e\000c\000K\000i\000l\000l}{subsection.3.26.3}% 271
\BOOKMARK [3][-]{subsubsection.3.26.3.5}{\376\377\000d\000i\000e}{subsection.3.26.3}% 272
\BOOKMARK [3][-]{subsubsection.3.26.3.6}{\376\377\000g\000e\000t\000B\000o\000m\000b\000s}{subsection.3.26.3}% 273
\BOOKMARK [3][-]{subsubsection.3.26.3.7}{\376\377\000g\000e\000t\000B\000o\000m\000b\000X}{subsection.3.26.3}% 274
\BOOKMARK [3][-]{subsubsection.3.26.3.8}{\376\377\000g\000e\000t\000B\000o\000m\000b\000Y}{subsection.3.26.3}% 275
\BOOKMARK [3][-]{subsubsection.3.26.3.9}{\376\377\000g\000e\000t\000C\000o\000n\000t\000r\000o\000l}{subsection.3.26.3}% 276
\BOOKMARK [3][-]{subsubsection.3.26.3.10}{\376\377\000g\000e\000t\000D\000i\000e}{subsection.3.26.3}% 277
\BOOKMARK [3][-]{subsubsection.3.26.3.11}{\376\377\000g\000e\000t\000I\000d}{subsection.3.26.3}% 278
\BOOKMARK [3][-]{subsubsection.3.26.3.12}{\376\377\000g\000e\000t\000K\000i\000l\000l}{subsection.3.26.3}% 279
\BOOKMARK [3][-]{subsubsection.3.26.3.13}{\376\377\000g\000e\000t\000K\000i\000l\000l\000e\000d}{subsection.3.26.3}% 280
\BOOKMARK [3][-]{subsubsection.3.26.3.14}{\376\377\000g\000e\000t\000L\000i\000f\000e}{subsection.3.26.3}% 281
\BOOKMARK [3][-]{subsubsection.3.26.3.15}{\376\377\000g\000e\000t\000P\000o\000i\000n\000t}{subsection.3.26.3}% 282
\BOOKMARK [3][-]{subsubsection.3.26.3.16}{\376\377\000g\000e\000t\000P\000r\000e\000v\000X}{subsection.3.26.3}% 283
\BOOKMARK [3][-]{subsubsection.3.26.3.17}{\376\377\000g\000e\000t\000P\000r\000e\000v\000Y}{subsection.3.26.3}% 284
\BOOKMARK [3][-]{subsubsection.3.26.3.18}{\376\377\000g\000e\000t\000P\000u\000t}{subsection.3.26.3}% 285
\BOOKMARK [3][-]{subsubsection.3.26.3.19}{\376\377\000g\000e\000t\000S\000c\000o\000r\000e}{subsection.3.26.3}% 286
\BOOKMARK [3][-]{subsubsection.3.26.3.20}{\376\377\000g\000e\000t\000S\000h\000o\000w\000K\000i\000l\000l\000s}{subsection.3.26.3}% 287
\BOOKMARK [3][-]{subsubsection.3.26.3.21}{\376\377\000g\000e\000t\000S\000i\000z\000e}{subsection.3.26.3}% 288
\BOOKMARK [3][-]{subsubsection.3.26.3.22}{\376\377\000g\000e\000t\000S\000k\000i\000n}{subsection.3.26.3}% 289
\BOOKMARK [3][-]{subsubsection.3.26.3.23}{\376\377\000g\000e\000t\000X}{subsection.3.26.3}% 290
\BOOKMARK [3][-]{subsubsection.3.26.3.24}{\376\377\000g\000e\000t\000Y}{subsection.3.26.3}% 291
\BOOKMARK [3][-]{subsubsection.3.26.3.25}{\376\377\000i\000n\000c\000B\000o\000m\000b\000s}{subsection.3.26.3}% 292
\BOOKMARK [3][-]{subsubsection.3.26.3.26}{\376\377\000i\000n\000c\000K\000i\000l\000l}{subsection.3.26.3}% 293
\BOOKMARK [3][-]{subsubsection.3.26.3.27}{\376\377\000i\000n\000c\000K\000i\000l\000l}{subsection.3.26.3}% 294
\BOOKMARK [3][-]{subsubsection.3.26.3.28}{\376\377\000i\000n\000c\000K\000i\000l\000l\000e\000d}{subsection.3.26.3}% 295
\BOOKMARK [3][-]{subsubsection.3.26.3.29}{\376\377\000i\000n\000c\000S\000c\000o\000r\000e}{subsection.3.26.3}% 296
\BOOKMARK [3][-]{subsubsection.3.26.3.30}{\376\377\000i\000n\000c\000S\000i\000z\000e}{subsection.3.26.3}% 297
\BOOKMARK [3][-]{subsubsection.3.26.3.31}{\376\377\000i\000n\000f\000e\000c\000t}{subsection.3.26.3}% 298
\BOOKMARK [3][-]{subsubsection.3.26.3.32}{\376\377\000i\000n\000f\000e\000c\000t}{subsection.3.26.3}% 299
\BOOKMARK [3][-]{subsubsection.3.26.3.33}{\376\377\000i\000n\000i\000t}{subsection.3.26.3}% 300
\BOOKMARK [3][-]{subsubsection.3.26.3.34}{\376\377\000m\000o\000v\000e}{subsection.3.26.3}% 301
\BOOKMARK [3][-]{subsubsection.3.26.3.35}{\376\377\000m\000o\000v\000e}{subsection.3.26.3}% 302
\BOOKMARK [3][-]{subsubsection.3.26.3.36}{\376\377\000n\000o\000v\000i\000r\000u\000s}{subsection.3.26.3}% 303
\BOOKMARK [3][-]{subsubsection.3.26.3.37}{\376\377\000s\000e\000t\000B\000o\000m\000b\000X}{subsection.3.26.3}% 304
\BOOKMARK [3][-]{subsubsection.3.26.3.38}{\376\377\000s\000e\000t\000B\000o\000m\000b\000Y}{subsection.3.26.3}% 305
\BOOKMARK [3][-]{subsubsection.3.26.3.39}{\376\377\000s\000e\000t\000C\000o\000n\000t\000r\000o\000l}{subsection.3.26.3}% 306
\BOOKMARK [3][-]{subsubsection.3.26.3.40}{\376\377\000s\000e\000t\000D\000i\000e}{subsection.3.26.3}% 307
\BOOKMARK [3][-]{subsubsection.3.26.3.41}{\376\377\000s\000e\000t\000I\000d}{subsection.3.26.3}% 308
\BOOKMARK [3][-]{subsubsection.3.26.3.42}{\376\377\000s\000e\000t\000K\000i\000l\000l}{subsection.3.26.3}% 309
\BOOKMARK [3][-]{subsubsection.3.26.3.43}{\376\377\000s\000e\000t\000K\000i\000l\000l\000e\000d}{subsection.3.26.3}% 310
\BOOKMARK [3][-]{subsubsection.3.26.3.44}{\376\377\000s\000e\000t\000L\000i\000f\000e}{subsection.3.26.3}% 311
\BOOKMARK [3][-]{subsubsection.3.26.3.45}{\376\377\000s\000e\000t\000P\000u\000t}{subsection.3.26.3}% 312
\BOOKMARK [3][-]{subsubsection.3.26.3.46}{\376\377\000s\000e\000t\000S\000c\000o\000r\000e}{subsection.3.26.3}% 313
\BOOKMARK [3][-]{subsubsection.3.26.3.47}{\376\377\000s\000e\000t\000S\000h\000o\000w\000K\000i\000l\000l\000s}{subsection.3.26.3}% 314
\BOOKMARK [3][-]{subsubsection.3.26.3.48}{\376\377\000s\000e\000t\000S\000k\000i\000n}{subsection.3.26.3}% 315
\BOOKMARK [3][-]{subsubsection.3.26.3.49}{\376\377\000s\000e\000t\000S\000t\000a\000r\000t}{subsection.3.26.3}% 316
\BOOKMARK [3][-]{subsubsection.3.26.3.50}{\376\377\000s\000e\000t\000S\000t\000a\000r\000t}{subsection.3.26.3}% 317
\BOOKMARK [3][-]{subsubsection.3.26.3.51}{\376\377\000s\000e\000t\000X}{subsection.3.26.3}% 318
\BOOKMARK [3][-]{subsubsection.3.26.3.52}{\376\377\000s\000e\000t\000Y}{subsection.3.26.3}% 319
\BOOKMARK [3][-]{subsubsection.3.26.3.53}{\376\377\000s\000t\000a\000t\000e}{subsection.3.26.3}% 320
\BOOKMARK [3][-]{subsubsection.3.26.3.54}{\376\377\000w\000i\000n}{subsection.3.26.3}% 321
\BOOKMARK [1][-]{section.3.27}{\376\377\000P\000o\000i\000n\000t\000<\000\040\000T\000\040\000>\000\040\000C\000l\000a\000s\000s\000\040\000T\000e\000m\000p\000l\000a\000t\000e\000\040\000R\000e\000f\000e\000r\000e\000n\000c\000e}{chapter.3}% 322
\BOOKMARK [2][-]{subsection.3.27.1}{\376\377\000C\000o\000n\000s\000t\000r\000u\000c\000t\000o\000r\000\040\000\046\000\040\000D\000e\000s\000t\000r\000u\000c\000t\000o\000r\000\040\000D\000o\000c\000u\000m\000e\000n\000t\000a\000t\000i\000o\000n}{section.3.27}% 323
\BOOKMARK [3][-]{subsubsection.3.27.1.1}{\376\377\000P\000o\000i\000n\000t}{subsection.3.27.1}% 324
\BOOKMARK [3][-]{subsubsection.3.27.1.2}{\376\377\000P\000o\000i\000n\000t}{subsection.3.27.1}% 325
\BOOKMARK [2][-]{subsection.3.27.2}{\376\377\000M\000e\000m\000b\000e\000r\000\040\000F\000u\000n\000c\000t\000i\000o\000n\000\040\000D\000o\000c\000u\000m\000e\000n\000t\000a\000t\000i\000o\000n}{section.3.27}% 326
\BOOKMARK [3][-]{subsubsection.3.27.2.1}{\376\377\000g\000e\000t\000X}{subsection.3.27.2}% 327
\BOOKMARK [3][-]{subsubsection.3.27.2.2}{\376\377\000g\000e\000t\000Y}{subsection.3.27.2}% 328
\BOOKMARK [3][-]{subsubsection.3.27.2.3}{\376\377\000o\000p\000e\000r\000a\000t\000o\000r\000=}{subsection.3.27.2}% 329
\BOOKMARK [3][-]{subsubsection.3.27.2.4}{\376\377\000s\000e\000t\000X}{subsection.3.27.2}% 330
\BOOKMARK [3][-]{subsubsection.3.27.2.5}{\376\377\000s\000e\000t\000Y}{subsection.3.27.2}% 331
\BOOKMARK [2][-]{subsection.3.27.3}{\376\377\000F\000r\000i\000e\000n\000d\000s\000\040\000A\000n\000d\000\040\000R\000e\000l\000a\000t\000e\000d\000\040\000F\000u\000n\000c\000t\000i\000o\000n\000\040\000D\000o\000c\000u\000m\000e\000n\000t\000a\000t\000i\000o\000n}{section.3.27}% 332
\BOOKMARK [3][-]{subsubsection.3.27.3.1}{\376\377\000d\000i\000s\000t\000a\000n\000c\000e}{subsection.3.27.3}% 333
\BOOKMARK [3][-]{subsubsection.3.27.3.2}{\376\377\000o\000p\000e\000r\000a\000t\000o\000r\000=\000=}{subsection.3.27.3}% 334
\BOOKMARK [3][-]{subsubsection.3.27.3.3}{\376\377\000W\000a\000y}{subsection.3.27.3}% 335
\BOOKMARK [1][-]{section.3.28}{\376\377\000R\000e\000c\000t\000\040\000S\000t\000r\000u\000c\000t\000\040\000R\000e\000f\000e\000r\000e\000n\000c\000e}{chapter.3}% 336
\BOOKMARK [2][-]{subsection.3.28.1}{\376\377\000D\000e\000t\000a\000i\000l\000e\000d\000\040\000D\000e\000s\000c\000r\000i\000p\000t\000i\000o\000n}{section.3.28}% 337
\BOOKMARK [2][-]{subsection.3.28.2}{\376\377\000C\000o\000n\000s\000t\000r\000u\000c\000t\000o\000r\000\040\000\046\000\040\000D\000e\000s\000t\000r\000u\000c\000t\000o\000r\000\040\000D\000o\000c\000u\000m\000e\000n\000t\000a\000t\000i\000o\000n}{section.3.28}% 338
\BOOKMARK [3][-]{subsubsection.3.28.2.1}{\376\377\000R\000e\000c\000t}{subsection.3.28.2}% 339
\BOOKMARK [3][-]{subsubsection.3.28.2.2}{\376\377\000R\000e\000c\000t}{subsection.3.28.2}% 340
\BOOKMARK [2][-]{subsection.3.28.3}{\376\377\000M\000e\000m\000b\000e\000r\000\040\000D\000a\000t\000a\000\040\000D\000o\000c\000u\000m\000e\000n\000t\000a\000t\000i\000o\000n}{section.3.28}% 341
\BOOKMARK [3][-]{subsubsection.3.28.3.1}{\376\377\000h}{subsection.3.28.3}% 342
\BOOKMARK [3][-]{subsubsection.3.28.3.2}{\376\377\000w}{subsection.3.28.3}% 343
\BOOKMARK [3][-]{subsubsection.3.28.3.3}{\376\377\000x}{subsection.3.28.3}% 344
\BOOKMARK [3][-]{subsubsection.3.28.3.4}{\376\377\000y}{subsection.3.28.3}% 345
\BOOKMARK [1][-]{section.3.29}{\376\377\000S\000c\000o\000r\000e\000B\000o\000a\000r\000d\000\040\000C\000l\000a\000s\000s\000\040\000R\000e\000f\000e\000r\000e\000n\000c\000e}{chapter.3}% 346
\BOOKMARK [2][-]{subsection.3.29.1}{\376\377\000C\000o\000n\000s\000t\000r\000u\000c\000t\000o\000r\000\040\000\046\000\040\000D\000e\000s\000t\000r\000u\000c\000t\000o\000r\000\040\000D\000o\000c\000u\000m\000e\000n\000t\000a\000t\000i\000o\000n}{section.3.29}% 347
\BOOKMARK [3][-]{subsubsection.3.29.1.1}{\376\377\000S\000c\000o\000r\000e\000B\000o\000a\000r\000d}{subsection.3.29.1}% 348
\BOOKMARK [2][-]{subsection.3.29.2}{\376\377\000M\000e\000m\000b\000e\000r\000\040\000F\000u\000n\000c\000t\000i\000o\000n\000\040\000D\000o\000c\000u\000m\000e\000n\000t\000a\000t\000i\000o\000n}{section.3.29}% 349
\BOOKMARK [3][-]{subsubsection.3.29.2.1}{\376\377\000m\000a\000i\000n\000L\000o\000o\000p}{subsection.3.29.2}% 350
\BOOKMARK [1][-]{section.3.30}{\376\377\000S\000e\000l\000e\000c\000t\000\040\000C\000l\000a\000s\000s\000\040\000R\000e\000f\000e\000r\000e\000n\000c\000e}{chapter.3}% 351
\BOOKMARK [2][-]{subsection.3.30.1}{\376\377\000D\000e\000t\000a\000i\000l\000e\000d\000\040\000D\000e\000s\000c\000r\000i\000p\000t\000i\000o\000n}{section.3.30}% 352
\BOOKMARK [2][-]{subsection.3.30.2}{\376\377\000C\000o\000n\000s\000t\000r\000u\000c\000t\000o\000r\000\040\000\046\000\040\000D\000e\000s\000t\000r\000u\000c\000t\000o\000r\000\040\000D\000o\000c\000u\000m\000e\000n\000t\000a\000t\000i\000o\000n}{section.3.30}% 353
\BOOKMARK [3][-]{subsubsection.3.30.2.1}{\376\377\000S\000e\000l\000e\000c\000t}{subsection.3.30.2}% 354
\BOOKMARK [2][-]{subsection.3.30.3}{\376\377\000M\000e\000m\000b\000e\000r\000\040\000F\000u\000n\000c\000t\000i\000o\000n\000\040\000D\000o\000c\000u\000m\000e\000n\000t\000a\000t\000i\000o\000n}{section.3.30}% 355
\BOOKMARK [3][-]{subsubsection.3.30.3.1}{\376\377\000g\000e\000t\000N}{subsection.3.30.3}% 356
\BOOKMARK [3][-]{subsubsection.3.30.3.2}{\376\377\000g\000e\000t\000R\000u\000n}{subsection.3.30.3}% 357
\BOOKMARK [3][-]{subsubsection.3.30.3.3}{\376\377\000m\000a\000i\000n\000L\000o\000o\000p}{subsection.3.30.3}% 358
\BOOKMARK [1][-]{section.3.31}{\376\377\000S\000e\000r\000v\000e\000r\000\040\000C\000l\000a\000s\000s\000\040\000R\000e\000f\000e\000r\000e\000n\000c\000e}{chapter.3}% 359
\BOOKMARK [2][-]{subsection.3.31.1}{\376\377\000C\000o\000n\000s\000t\000r\000u\000c\000t\000o\000r\000\040\000\046\000\040\000D\000e\000s\000t\000r\000u\000c\000t\000o\000r\000\040\000D\000o\000c\000u\000m\000e\000n\000t\000a\000t\000i\000o\000n}{section.3.31}% 360
\BOOKMARK [3][-]{subsubsection.3.31.1.1}{\376\377\000S\000e\000r\000v\000e\000r}{subsection.3.31.1}% 361
\BOOKMARK [3][-]{subsubsection.3.31.1.2}{\376\377\000S\000e\000r\000v\000e\000r}{subsection.3.31.1}% 362
\BOOKMARK [2][-]{subsection.3.31.2}{\376\377\000M\000e\000m\000b\000e\000r\000\040\000F\000u\000n\000c\000t\000i\000o\000n\000\040\000D\000o\000c\000u\000m\000e\000n\000t\000a\000t\000i\000o\000n}{section.3.31}% 363
\BOOKMARK [3][-]{subsubsection.3.31.2.1}{\376\377\000m\000a\000i\000n\000L\000o\000o\000p}{subsection.3.31.2}% 364
\BOOKMARK [1][-]{section.3.32}{\376\377\000S\000p\000r\000i\000t\000e\000\040\000C\000l\000a\000s\000s\000\040\000R\000e\000f\000e\000r\000e\000n\000c\000e}{chapter.3}% 365
\BOOKMARK [2][-]{subsection.3.32.1}{\376\377\000D\000e\000t\000a\000i\000l\000e\000d\000\040\000D\000e\000s\000c\000r\000i\000p\000t\000i\000o\000n}{section.3.32}% 366
\BOOKMARK [2][-]{subsection.3.32.2}{\376\377\000C\000o\000n\000s\000t\000r\000u\000c\000t\000o\000r\000\040\000\046\000\040\000D\000e\000s\000t\000r\000u\000c\000t\000o\000r\000\040\000D\000o\000c\000u\000m\000e\000n\000t\000a\000t\000i\000o\000n}{section.3.32}% 367
\BOOKMARK [3][-]{subsubsection.3.32.2.1}{\376\377\000S\000p\000r\000i\000t\000e}{subsection.3.32.2}% 368
\BOOKMARK [3][-]{subsubsection.3.32.2.2}{\376\377\000S\000p\000r\000i\000t\000e}{subsection.3.32.2}% 369
\BOOKMARK [3][-]{subsubsection.3.32.2.3}{\376\377\000S\000p\000r\000i\000t\000e}{subsection.3.32.2}% 370
\BOOKMARK [2][-]{subsection.3.32.3}{\376\377\000M\000e\000m\000b\000e\000r\000\040\000F\000u\000n\000c\000t\000i\000o\000n\000\040\000D\000o\000c\000u\000m\000e\000n\000t\000a\000t\000i\000o\000n}{section.3.32}% 371
\BOOKMARK [3][-]{subsubsection.3.32.3.1}{\376\377\000b\000i\000n\000d}{subsection.3.32.3}% 372
\BOOKMARK [3][-]{subsubsection.3.32.3.2}{\376\377\000d\000r\000a\000w}{subsection.3.32.3}% 373
\BOOKMARK [1][-]{section.3.33}{\376\377\000T\000e\000x\000t\000\040\000C\000l\000a\000s\000s\000\040\000R\000e\000f\000e\000r\000e\000n\000c\000e}{chapter.3}% 374
\BOOKMARK [2][-]{subsection.3.33.1}{\376\377\000D\000e\000t\000a\000i\000l\000e\000d\000\040\000D\000e\000s\000c\000r\000i\000p\000t\000i\000o\000n}{section.3.33}% 375
\BOOKMARK [2][-]{subsection.3.33.2}{\376\377\000C\000o\000n\000s\000t\000r\000u\000c\000t\000o\000r\000\040\000\046\000\040\000D\000e\000s\000t\000r\000u\000c\000t\000o\000r\000\040\000D\000o\000c\000u\000m\000e\000n\000t\000a\000t\000i\000o\000n}{section.3.33}% 376
\BOOKMARK [3][-]{subsubsection.3.33.2.1}{\376\377\000T\000e\000x\000t}{subsection.3.33.2}% 377
\BOOKMARK [3][-]{subsubsection.3.33.2.2}{\376\377\000T\000e\000x\000t}{subsection.3.33.2}% 378
\BOOKMARK [2][-]{subsection.3.33.3}{\376\377\000M\000e\000m\000b\000e\000r\000\040\000F\000u\000n\000c\000t\000i\000o\000n\000\040\000D\000o\000c\000u\000m\000e\000n\000t\000a\000t\000i\000o\000n}{section.3.33}% 379
\BOOKMARK [3][-]{subsubsection.3.33.3.1}{\376\377\000d\000r\000a\000w}{subsection.3.33.3}% 380
\BOOKMARK [1][-]{section.3.34}{\376\377\000T\000r\000a\000n\000s\000l\000a\000t\000e\000\040\000C\000l\000a\000s\000s\000\040\000R\000e\000f\000e\000r\000e\000n\000c\000e}{chapter.3}% 381
\BOOKMARK [1][-]{section.3.35}{\376\377\000U\000t\000f\0008\000\040\000C\000l\000a\000s\000s\000\040\000R\000e\000f\000e\000r\000e\000n\000c\000e}{chapter.3}% 382
\BOOKMARK [2][-]{subsection.3.35.1}{\376\377\000D\000e\000t\000a\000i\000l\000e\000d\000\040\000D\000e\000s\000c\000r\000i\000p\000t\000i\000o\000n}{section.3.35}% 383
\BOOKMARK [2][-]{subsection.3.35.2}{\376\377\000C\000o\000n\000s\000t\000r\000u\000c\000t\000o\000r\000\040\000\046\000\040\000D\000e\000s\000t\000r\000u\000c\000t\000o\000r\000\040\000D\000o\000c\000u\000m\000e\000n\000t\000a\000t\000i\000o\000n}{section.3.35}% 384
\BOOKMARK [3][-]{subsubsection.3.35.2.1}{\376\377\000U\000t\000f\0008}{subsection.3.35.2}% 385
\BOOKMARK [2][-]{subsection.3.35.3}{\376\377\000M\000e\000m\000b\000e\000r\000\040\000F\000u\000n\000c\000t\000i\000o\000n\000\040\000D\000o\000c\000u\000m\000e\000n\000t\000a\000t\000i\000o\000n}{section.3.35}% 386
\BOOKMARK [3][-]{subsubsection.3.35.3.1}{\376\377\000i\000s\000B\000r}{subsection.3.35.3}% 387
\BOOKMARK [3][-]{subsubsection.3.35.3.2}{\376\377\000n\000o\000t\000N\000u\000l\000l}{subsection.3.35.3}% 388
\BOOKMARK [3][-]{subsubsection.3.35.3.3}{\376\377\000n\000o\000t\000S\000p\000a\000c\000e}{subsection.3.35.3}% 389
\BOOKMARK [2][-]{subsection.3.35.4}{\376\377\000F\000r\000i\000e\000n\000d\000s\000\040\000A\000n\000d\000\040\000R\000e\000l\000a\000t\000e\000d\000\040\000F\000u\000n\000c\000t\000i\000o\000n\000\040\000D\000o\000c\000u\000m\000e\000n\000t\000a\000t\000i\000o\000n}{section.3.35}% 390
\BOOKMARK [3][-]{subsubsection.3.35.4.1}{\376\377\000o\000p\000e\000r\000a\000t\000o\000r\000<}{subsection.3.35.4}% 391
\BOOKMARK [3][-]{subsubsection.3.35.4.2}{\376\377\000o\000p\000e\000r\000a\000t\000o\000r\000<\000<}{subsection.3.35.4}% 392
\BOOKMARK [3][-]{subsubsection.3.35.4.3}{\376\377\000o\000p\000e\000r\000a\000t\000o\000r\000=\000=}{subsection.3.35.4}% 393
\BOOKMARK [3][-]{subsubsection.3.35.4.4}{\376\377\000o\000p\000e\000r\000a\000t\000o\000r\000>}{subsection.3.35.4}% 394
\BOOKMARK [3][-]{subsubsection.3.35.4.5}{\376\377\000o\000p\000e\000r\000a\000t\000o\000r\000>\000>}{subsection.3.35.4}% 395
\BOOKMARK [1][-]{section.3.36}{\376\377\000V\000i\000e\000w\000\040\000C\000l\000a\000s\000s\000\040\000R\000e\000f\000e\000r\000e\000n\000c\000e}{chapter.3}% 396
\BOOKMARK [2][-]{subsection.3.36.1}{\376\377\000D\000e\000t\000a\000i\000l\000e\000d\000\040\000D\000e\000s\000c\000r\000i\000p\000t\000i\000o\000n}{section.3.36}% 397
\BOOKMARK [2][-]{subsection.3.36.2}{\376\377\000C\000o\000n\000s\000t\000r\000u\000c\000t\000o\000r\000\040\000\046\000\040\000D\000e\000s\000t\000r\000u\000c\000t\000o\000r\000\040\000D\000o\000c\000u\000m\000e\000n\000t\000a\000t\000i\000o\000n}{section.3.36}% 398
\BOOKMARK [3][-]{subsubsection.3.36.2.1}{\376\377\000V\000i\000e\000w}{subsection.3.36.2}% 399
\BOOKMARK [3][-]{subsubsection.3.36.2.2}{\376\377\000V\000i\000e\000w}{subsection.3.36.2}% 400
\BOOKMARK [2][-]{subsection.3.36.3}{\376\377\000M\000e\000m\000b\000e\000r\000\040\000F\000u\000n\000c\000t\000i\000o\000n\000\040\000D\000o\000c\000u\000m\000e\000n\000t\000a\000t\000i\000o\000n}{section.3.36}% 401
\BOOKMARK [3][-]{subsubsection.3.36.3.1}{\376\377\000d\000r\000a\000w}{subsection.3.36.3}% 402
\BOOKMARK [3][-]{subsubsection.3.36.3.2}{\376\377\000d\000r\000a\000w}{subsection.3.36.3}% 403
\BOOKMARK [3][-]{subsubsection.3.36.3.3}{\376\377\000d\000r\000a\000w\000A\000n\000i\000m}{subsection.3.36.3}% 404
\BOOKMARK [3][-]{subsubsection.3.36.3.4}{\376\377\000f\000r\000a\000m\000e\000B\000e\000g\000i\000n}{subsection.3.36.3}% 405
\BOOKMARK [3][-]{subsubsection.3.36.3.5}{\376\377\000f\000r\000a\000m\000e\000D\000e\000l\000a\000y}{subsection.3.36.3}% 406
\BOOKMARK [3][-]{subsubsection.3.36.3.6}{\376\377\000f\000r\000a\000m\000e\000E\000n\000d}{subsection.3.36.3}% 407
\BOOKMARK [3][-]{subsubsection.3.36.3.7}{\376\377\000g\000e\000t\000H}{subsection.3.36.3}% 408
\BOOKMARK [3][-]{subsubsection.3.36.3.8}{\376\377\000g\000e\000t\000N\000o\000w}{subsection.3.36.3}% 409
\BOOKMARK [3][-]{subsubsection.3.36.3.9}{\376\377\000g\000e\000t\000W}{subsection.3.36.3}% 410
\BOOKMARK [3][-]{subsubsection.3.36.3.10}{\376\377\000l\000o\000a\000d}{subsection.3.36.3}% 411
\BOOKMARK [3][-]{subsubsection.3.36.3.11}{\376\377\000l\000o\000a\000d\000P\000a\000c\000k\000a\000g\000e}{subsection.3.36.3}% 412
\BOOKMARK [3][-]{subsubsection.3.36.3.12}{\376\377\000r\000e\000s\000i\000z\000e\000\137\000e\000v\000e\000n\000t}{subsection.3.36.3}% 413
\BOOKMARK [3][-]{subsubsection.3.36.3.13}{\376\377\000S\000c\000r\000e\000e\000n\000s\000h\000o\000t}{subsection.3.36.3}% 414
\BOOKMARK [3][-]{subsubsection.3.36.3.14}{\376\377\000s\000e\000t\000N\000o\000w}{subsection.3.36.3}% 415
\BOOKMARK [3][-]{subsubsection.3.36.3.15}{\376\377\000s\000e\000t\000T\000i\000c\000k\000I\000n\000t\000e\000r\000v\000a\000l}{subsection.3.36.3}% 416
\BOOKMARK [3][-]{subsubsection.3.36.3.16}{\376\377\000s\000w\000a\000p}{subsection.3.36.3}% 417
\BOOKMARK [3][-]{subsubsection.3.36.3.17}{\376\377\000T\000o\000g\000g\000l\000e}{subsection.3.36.3}% 418
\BOOKMARK [3][-]{subsubsection.3.36.3.18}{\376\377\000t\000o\000g\000g\000l\000e\000F\000u\000l\000l\000S\000c\000r\000e\000e\000n}{subsection.3.36.3}% 419
\BOOKMARK [-1][-]{section*.45}{\376\377\000I\000n\000d\000e\000x}{}% 420
